[2016-06-03 09:33:26] app.INFO: Middleware CheckPlatform [] []
[2016-06-03 09:33:26] app.INFO: Middleware HttpBasicAuth [] []
[2016-06-03 09:33:26] app.INFO: post data {"clientID":"2","password":"alex","csrf_name":"csrf5750de5ad7eb3","csrf_value":"51e1501be9ce2ec287a76be616858373"} []
[2016-06-03 09:33:30] app.INFO: SELECT * FROM `client` WHERE `Client_NO` = '2' LIMIT 1 in 0.00166916847229 [] []
[2016-06-03 09:34:48] app.INFO: Middleware CheckPlatform [] []
[2016-06-03 09:34:48] app.INFO: Middleware HttpBasicAuth [] []
[2016-06-03 09:34:48] app.INFO: post data {"clientID":"check@check.com","password":"2","csrf_name":"csrf5750dead5518d","csrf_value":"3f1e06fda453db216c45ba72eca3be76"} []
[2016-06-03 09:34:53] app.INFO: SELECT * FROM `client` WHERE `Client_NO` = 'check@check.com' LIMIT 1 in 0.0023529529571533 [] []
[2016-06-03 09:35:42] app.INFO: Middleware CheckPlatform [] []
[2016-06-03 09:35:42] app.INFO: Middleware HttpBasicAuth [] []
[2016-06-03 09:35:42] app.INFO: post data {"clientID":"2","password":"alex","csrf_name":"csrf5750debce8cf1","csrf_value":"f361245ef0b7b00eb1cb4e0b254f6580"} []
[2016-06-03 09:35:46] app.INFO: SELECT * FROM `client` WHERE `Client_NO` = '2' LIMIT 1 in 0.0017340183258057 [] []
[2016-06-03 09:36:41] app.INFO: Middleware CheckPlatform [] []
[2016-06-03 09:36:41] app.INFO: Middleware HttpBasicAuth [] []
[2016-06-03 09:36:41] app.INFO: post data {"email":"check@check.com","password":"123Psadfs"} []
[2016-06-03 09:36:51] app.INFO: Middleware CheckPlatform [] []
[2016-06-03 09:36:51] app.INFO: Middleware HttpBasicAuth [] []
[2016-06-03 09:36:51] app.INFO: post data {"clientID":"2","password":"123Psadfs"} []
[2016-06-03 09:36:56] app.INFO: SELECT * FROM `client` WHERE `Client_NO` = '2' LIMIT 1 in 0.0021488666534424 [] []
[2016-06-03 09:37:00] app.INFO: Middleware CheckPlatform [] []
[2016-06-03 09:37:00] app.INFO: Middleware HttpBasicAuth [] []
[2016-06-03 09:37:00] app.INFO: post data {"clientID":"2","password":"alex"} []
[2016-06-03 09:37:04] app.INFO: SELECT * FROM `client` WHERE `Client_NO` = '2' LIMIT 1 in 0.001784086227417 [] []
[2016-06-03 09:37:57] app.INFO: Middleware CheckPlatform [] []
[2016-06-03 09:37:57] app.INFO: Middleware HttpBasicAuth [] []
[2016-06-03 09:37:57] app.INFO: post data {"clientID":"2","password":"alex"} []
[2016-06-03 09:38:01] app.INFO: SELECT * FROM `client` WHERE `Client_NO` = '2' LIMIT 1 in 0.0020549297332764 [] []
[2016-06-03 09:38:43] app.INFO: Middleware CheckPlatform [] []
[2016-06-03 09:38:43] app.INFO: Middleware HttpBasicAuth [] []
[2016-06-03 09:38:43] app.INFO: post data {"clientID":"2","password":"alex"} []
[2016-06-03 09:38:48] app.INFO: SELECT * FROM `client` WHERE `Client_NO` = '2' LIMIT 1 in 0.0017430782318115 [] []
[2016-06-03 09:39:58] app.INFO: Middleware CheckPlatform [] []
[2016-06-03 09:39:58] app.INFO: Middleware HttpBasicAuth [] []
[2016-06-03 09:39:58] app.INFO: post data {"clientID":"2","password":"alex"} []
[2016-06-03 09:40:03] app.INFO: SELECT * FROM `client` WHERE `Client_NO` = '2' LIMIT 1 in 0.0016748905181885 [] []
[2016-06-03 09:40:24] app.INFO: Middleware CheckPlatform [] []
[2016-06-03 09:40:24] app.INFO: Middleware HttpBasicAuth [] []
[2016-06-03 09:40:24] app.INFO: post data {"clientID":"2","password":"alex"} []
[2016-06-03 09:40:29] app.INFO: SELECT * FROM `client` WHERE `Client_NO` = '2' LIMIT 1 in 0.002065896987915 [] []
[2016-06-03 09:40:29] app.INFO: client {"Client_NO":"2","Start_Date_Of_Relationship":"2003-03-11","Business_Or_Personal":"Personal","Accounting_Partner":"135","True_Partner":"135","Lead_Generation":null,"Chinese_Or_English":"English","Title":"Mr","First_Name":"Paul","Middle_Name":null,"Surname":"Appleton","Home_Address_1":"26A, Tower 2","Home_Address_2":"Neo Horizon","Home_Address_3":"Discovery Bay","Home_Address_4":"Lantau Island","Home_Address_5":null,"Home_Phone":null,"Mobile_One":null,"Mobile_Two":null,"Home_Fax":"(852) 2914-1220","Company_Name":null,"Business_Address_1":null,"Business_Address_2":null,"Business_Address_3":null,"Business_Address_4":null,"Business_Address_5":null,"Business_Phone":"(852) 2863-1282","Business_Fax":"(852) 2565-7739","Email":"grace_tsang@hk.msig-asia.com","Client_Comments":"Hard File Closed\n\npro. ref by #1","Second_Email":null,"Person_One_Designation":null,"Person_One_Comments":null,"Person_One_Title":null,"Person_One_Name":null,"Person_One_Surname":null,"Person_One_Work":null,"Person_One_Mobile":null,"Person_One_Home":null,"Person_One_Fax":null,"Person_One_Email":null,"Person_One_Address_1":null,"Person_One_Address_2":null,"Person_One_Address_3":null,"Person_One_Address_4":null,"Person_One_Address_5":null,"Person_Two_Designation":null,"Person_Two_Comments":null,"Person_Two_Title":null,"Person_Two_Name":null,"Person_Two_Surname":null,"Person_Two_Work":null,"Person_Two_Mobile":null,"Person_Two_Home":null,"Person_Two_Fax":null,"Person_Two_Email":null,"Person_Two_Address_1":null,"Person_Two_Address_2":null,"Person_Two_Address_3":null,"Person_Two_Address_4":null,"Person_Two_Address_5":null,"Client_Status":"Dormant Scan To Server","Credit_Watch":"No","Contact_Address":"Home","Mail_To":"Person 1","Mail_Line_1":"Mr Paul Appleton","Mail_Line_2":"26A, Tower 2","Mail_Line_3":"Neo Horizon","Mail_Line_4":"Discovery Bay","Mail_Line_5":"Lantau Island","Mail_Line_6":null,"Proposer":"Mr Paul Appleton","Letter_Text_One":"Thank you for using our insruance service. Please find enclosed your Home Insurance Policy Endorsement with invoice. Please kindly make payment and return in the self-address envelope.","Letter_Text_Two":"Should you have any further questions about your insurance or need assistance with any other type of insurance please do not hesitate to contact us and we will be happy to help and advise you.","Letter_From":"Neil Raymond","Position":"Director","Letter_Subject":null,"Dear":"Mr Appleton","Letter_to":"Person 1 Sur","Policy_Insured_Address":"Home","Policy_Address_1":"26A, Tower 2","Policy_Address_2":"Neo Horizon","Policy_Address_3":"Discovery Bay","Policy_Address_4":"Lantau Island","Policy_Address_5":null,"Mailer_Phone":null,"Mailer_Fax":"(852) 2914-1220","Client_Restriction":"0","Person_One_Middle":null,"Person_Two_Middle":null,"Contact_Phone":"Person 1 Mobile 1","Contact_Fax":"Person 1 Home","Important_People_Facts":null,"Duplicate_No":"HK 63019;","Client_Claim_Comment":null,"Person_Three_Title":null,"Person_Three_Name":null,"Person_Three_Surname":null,"Person_Three_Middle":null,"Person_Three_Designation":null,"Person_Three_Mobile":null,"Person_Three_Home":null,"Person_Three_Work":null,"Person_Three_Fax":null,"Person_Three_Email":null,"Person_One_Mobile_2":null,"Person_Two_Mobile_2":null,"Person_Three_Mobile_2":null,"Person_One_Fax_2":null,"Person_Two_Fax_2":null,"Person_Three_Fax_2":null,"EDM_Yes_No":"1","Person_One_Skype":null,"EDM_Send_History":null,"Soft_Copy":"0"} []
[2016-06-03 09:41:10] app.INFO: Middleware CheckPlatform [] []
[2016-06-03 09:41:10] app.INFO: Middleware HttpBasicAuth [] []
[2016-06-03 09:41:10] app.INFO: post data {"clientID":"2","password":"alex","csrf_name":"csrf5750e02cdac1e","csrf_value":"28601692c4c97ae98ca98882bae64b43"} []
[2016-06-03 09:41:15] app.INFO: SELECT * FROM `client` WHERE `Client_NO` = '2' LIMIT 1 in 0.0016818046569824 [] []
[2016-06-03 09:41:15] app.INFO: client {"Client_NO":"2","Start_Date_Of_Relationship":"2003-03-11","Business_Or_Personal":"Personal","Accounting_Partner":"135","True_Partner":"135","Lead_Generation":null,"Chinese_Or_English":"English","Title":"Mr","First_Name":"Paul","Middle_Name":null,"Surname":"Appleton","Home_Address_1":"26A, Tower 2","Home_Address_2":"Neo Horizon","Home_Address_3":"Discovery Bay","Home_Address_4":"Lantau Island","Home_Address_5":null,"Home_Phone":null,"Mobile_One":null,"Mobile_Two":null,"Home_Fax":"(852) 2914-1220","Company_Name":null,"Business_Address_1":null,"Business_Address_2":null,"Business_Address_3":null,"Business_Address_4":null,"Business_Address_5":null,"Business_Phone":"(852) 2863-1282","Business_Fax":"(852) 2565-7739","Email":"grace_tsang@hk.msig-asia.com","Client_Comments":"Hard File Closed\n\npro. ref by #1","Second_Email":null,"Person_One_Designation":null,"Person_One_Comments":null,"Person_One_Title":null,"Person_One_Name":null,"Person_One_Surname":null,"Person_One_Work":null,"Person_One_Mobile":null,"Person_One_Home":null,"Person_One_Fax":null,"Person_One_Email":null,"Person_One_Address_1":null,"Person_One_Address_2":null,"Person_One_Address_3":null,"Person_One_Address_4":null,"Person_One_Address_5":null,"Person_Two_Designation":null,"Person_Two_Comments":null,"Person_Two_Title":null,"Person_Two_Name":null,"Person_Two_Surname":null,"Person_Two_Work":null,"Person_Two_Mobile":null,"Person_Two_Home":null,"Person_Two_Fax":null,"Person_Two_Email":null,"Person_Two_Address_1":null,"Person_Two_Address_2":null,"Person_Two_Address_3":null,"Person_Two_Address_4":null,"Person_Two_Address_5":null,"Client_Status":"Dormant Scan To Server","Credit_Watch":"No","Contact_Address":"Home","Mail_To":"Person 1","Mail_Line_1":"Mr Paul Appleton","Mail_Line_2":"26A, Tower 2","Mail_Line_3":"Neo Horizon","Mail_Line_4":"Discovery Bay","Mail_Line_5":"Lantau Island","Mail_Line_6":null,"Proposer":"Mr Paul Appleton","Letter_Text_One":"Thank you for using our insruance service. Please find enclosed your Home Insurance Policy Endorsement with invoice. Please kindly make payment and return in the self-address envelope.","Letter_Text_Two":"Should you have any further questions about your insurance or need assistance with any other type of insurance please do not hesitate to contact us and we will be happy to help and advise you.","Letter_From":"Neil Raymond","Position":"Director","Letter_Subject":null,"Dear":"Mr Appleton","Letter_to":"Person 1 Sur","Policy_Insured_Address":"Home","Policy_Address_1":"26A, Tower 2","Policy_Address_2":"Neo Horizon","Policy_Address_3":"Discovery Bay","Policy_Address_4":"Lantau Island","Policy_Address_5":null,"Mailer_Phone":null,"Mailer_Fax":"(852) 2914-1220","Client_Restriction":"0","Person_One_Middle":null,"Person_Two_Middle":null,"Contact_Phone":"Person 1 Mobile 1","Contact_Fax":"Person 1 Home","Important_People_Facts":null,"Duplicate_No":"HK 63019;","Client_Claim_Comment":null,"Person_Three_Title":null,"Person_Three_Name":null,"Person_Three_Surname":null,"Person_Three_Middle":null,"Person_Three_Designation":null,"Person_Three_Mobile":null,"Person_Three_Home":null,"Person_Three_Work":null,"Person_Three_Fax":null,"Person_Three_Email":null,"Person_One_Mobile_2":null,"Person_Two_Mobile_2":null,"Person_Three_Mobile_2":null,"Person_One_Fax_2":null,"Person_Two_Fax_2":null,"Person_Three_Fax_2":null,"EDM_Yes_No":"1","Person_One_Skype":null,"EDM_Send_History":null,"Soft_Copy":"0"} []
[2016-06-03 09:41:15] app.INFO: Middleware CheckPlatform [] []
[2016-06-03 09:41:15] app.INFO: Middleware HttpBasicAuth [] []
[2016-06-03 09:41:19] app.INFO: SELECT * FROM `client` WHERE `Client_NO` = '2' LIMIT 1 in 0.0017180442810059 [] []
[2016-06-03 09:43:10] app.INFO: Middleware CheckPlatform [] []
[2016-06-03 09:43:10] app.INFO: Middleware HttpBasicAuth [] []
[2016-06-03 09:43:14] app.INFO: SELECT * FROM `client` WHERE `Client_NO` = '2' LIMIT 1 in 0.0020360946655273 [] []
[2016-06-03 09:45:02] app.INFO: Middleware CheckPlatform [] []
[2016-06-03 09:45:02] app.INFO: Middleware HttpBasicAuth [] []
[2016-06-03 09:45:07] app.INFO: SELECT * FROM `client` WHERE `Client_NO` = '2' LIMIT 1 in 0.0017268657684326 [] []
[2016-06-03 09:52:36] app.INFO: Middleware CheckPlatform [] []
[2016-06-03 09:52:36] app.INFO: Middleware HttpBasicAuth [] []
[2016-06-03 09:52:36] app.INFO: post data {"clientID":"2","password":"alex","csrf_name":"csrf5750e2d998136","csrf_value":"f9bdf8091dcc8516a4688e133d41e499"} []
[2016-06-03 09:52:41] app.INFO: SELECT * FROM `client` WHERE `Client_NO` = '2' LIMIT 1 in 0.0020411014556885 [] []
[2016-06-03 09:52:41] app.INFO: Middleware CheckPlatform [] []
[2016-06-03 09:52:41] app.INFO: Middleware HttpBasicAuth [] []
[2016-06-03 09:52:45] app.INFO: SELECT * FROM `client` WHERE `Client_NO` = '2' LIMIT 1 in 0.002065896987915 [] []
[2016-06-03 10:08:23] app.INFO: Middleware CheckPlatform [] []
[2016-06-03 10:08:23] app.INFO: Middleware HttpBasicAuth [] []
[2016-06-03 10:08:23] app.INFO: post data {"clientID":"2","password":"alex","csrf_name":"csrf5750e6890b327","csrf_value":"327ff2beb17f3493e378ff444e5197a3"} []
[2016-06-03 10:08:27] app.INFO: SELECT * FROM `client` WHERE `Client_NO` = '2' LIMIT 1 in 0.0017678737640381 [] []
[2016-06-03 10:08:59] app.INFO: Middleware CheckPlatform [] []
[2016-06-03 10:08:59] app.INFO: Middleware HttpBasicAuth [] []
[2016-06-03 10:08:59] app.INFO: post data {"clientID":"","password":"","csrf_name":"csrf5750e69984857","csrf_value":"443796cab48fde8a08b72ca6846aff54"} []
[2016-06-03 10:09:03] app.INFO: SELECT * FROM `client` WHERE `Client_NO` = '' LIMIT 1 in 0.0023760795593262 [] []
[2016-06-03 10:09:49] app.INFO: Middleware CheckPlatform [] []
[2016-06-03 10:09:49] app.INFO: Middleware HttpBasicAuth [] []
[2016-06-03 10:09:49] app.INFO: post data {"clientID":"2","password":"alex","csrf_name":"csrf5750e6e1d6578","csrf_value":"31916777a2d30e536540b35a29ab2382"} []
[2016-06-03 10:09:54] app.INFO: SELECT * FROM `client` WHERE `Client_NO` = '2' LIMIT 1 in 0.001737117767334 [] []
[2016-06-03 10:10:41] app.INFO: Middleware CheckPlatform [] []
[2016-06-03 10:10:41] app.INFO: Middleware HttpBasicAuth [] []
[2016-06-03 10:10:41] app.INFO: post data {"clientID":"2","password":"alex","csrf_name":"csrf5750e6ede6de2","csrf_value":"e095ef456ce6389e05a95ea4cf883f95"} []
[2016-06-03 10:10:46] app.INFO: SELECT * FROM `client` WHERE `Client_NO` = '2' LIMIT 1 in 0.0020899772644043 [] []
[2016-06-03 10:11:43] app.INFO: Middleware CheckPlatform [] []
[2016-06-03 10:11:43] app.INFO: Middleware HttpBasicAuth [] []
[2016-06-03 10:11:43] app.INFO: post data {"clientID":"2","password":"alex","csrf_name":"csrf5750e74c16f43","csrf_value":"290b68a9e6b74d08fcc31a564198b58d"} []
[2016-06-03 10:11:47] app.INFO: SELECT * FROM `client` WHERE `Client_NO` = '2' LIMIT 1 in 0.0016739368438721 [] []
[2016-06-03 10:12:11] app.INFO: Middleware CheckPlatform [] []
[2016-06-03 10:12:11] app.INFO: Middleware HttpBasicAuth [] []
[2016-06-03 10:12:11] app.INFO: post data {"clientID":"2","password":"alex","csrf_name":"csrf5750e76e69387","csrf_value":"812f6ffb1253899a7162468da60c6642"} []
[2016-06-03 10:12:16] app.INFO: SELECT * FROM `client` WHERE `Client_NO` = '2' LIMIT 1 in 0.0017120838165283 [] []
[2016-06-03 10:14:59] app.INFO: Middleware CheckPlatform [] []
[2016-06-03 10:14:59] app.INFO: Middleware HttpBasicAuth [] []
[2016-06-03 10:15:03] app.INFO: SELECT * FROM `client` WHERE `Client_NO` = '2' LIMIT 1 in 0.0017130374908447 [] []
[2016-06-03 10:15:19] app.INFO: Middleware CheckPlatform [] []
[2016-06-03 10:15:19] app.INFO: Middleware HttpBasicAuth [] []
[2016-06-03 10:15:23] app.INFO: SELECT * FROM `client` WHERE `Client_NO` = '2' LIMIT 1 in 0.0017158985137939 [] []
[2016-06-03 10:23:08] app.INFO: Middleware CheckPlatform [] []
[2016-06-03 10:23:08] app.INFO: Middleware HttpBasicAuth [] []
[2016-06-03 10:23:13] app.INFO: SELECT * FROM `client` WHERE `Client_NO` = '2' LIMIT 1 in 0.0017819404602051 [] []
[2016-06-03 10:23:36] app.INFO: Middleware CheckPlatform [] []
[2016-06-03 10:23:36] app.INFO: Middleware HttpBasicAuth [] []
[2016-06-03 10:23:41] app.INFO: SELECT * FROM `client` WHERE `Client_NO` = '2' LIMIT 1 in 0.0017459392547607 [] []
[2016-06-03 10:24:00] app.INFO: Middleware CheckPlatform [] []
[2016-06-03 10:24:00] app.INFO: Middleware HttpBasicAuth [] []
[2016-06-03 10:24:04] app.INFO: SELECT * FROM `client` WHERE `Client_NO` = '2' LIMIT 1 in 0.0017149448394775 [] []
[2016-06-03 10:24:08] app.INFO: Middleware CheckPlatform [] []
[2016-06-03 10:24:08] app.INFO: Middleware HttpBasicAuth [] []
[2016-06-03 10:24:13] app.INFO: SELECT * FROM `client` WHERE `Client_NO` = '2' LIMIT 1 in 0.0017681121826172 [] []
[2016-06-03 10:24:46] app.INFO: Middleware CheckPlatform [] []
[2016-06-03 10:24:46] app.INFO: Middleware HttpBasicAuth [] []
[2016-06-03 10:25:32] app.INFO: Middleware CheckPlatform [] []
[2016-06-03 10:25:32] app.INFO: Middleware HttpBasicAuth [] []
[2016-06-03 10:26:17] app.INFO: Middleware CheckPlatform [] []
[2016-06-03 10:26:17] app.INFO: Middleware HttpBasicAuth [] []
[2016-06-03 10:26:22] app.INFO: SELECT * FROM `client` WHERE `Client_NO` = '2' LIMIT 1 in 0.0017108917236328 [] []
[2016-06-03 10:26:34] app.INFO: Middleware CheckPlatform [] []
[2016-06-03 10:26:34] app.INFO: Middleware HttpBasicAuth [] []
[2016-06-03 10:27:16] app.INFO: Middleware CheckPlatform [] []
[2016-06-03 10:27:16] app.INFO: Middleware HttpBasicAuth [] []
[2016-06-03 10:27:16] app.INFO: post data {"clientID":"2","password":"alex","csrf_name":"csrf5750eaf86b5fc","csrf_value":"65611b1099a166eb015b3ba51ee0e6e8"} []
[2016-06-03 10:27:21] app.INFO: Middleware CheckPlatform [] []
[2016-06-03 10:27:21] app.INFO: Middleware HttpBasicAuth [] []
[2016-06-03 10:27:21] app.INFO: post data {"clientID":"3","password":"alex","csrf_name":"csrf5750eaff724ee","csrf_value":"94ab5b96147420930974ecaac0757e50"} []
[2016-06-03 10:27:25] app.INFO: SELECT * FROM `client` WHERE `Client_NO` = '3' LIMIT 1 in 0.00319504737854 [] []
[2016-06-03 10:27:26] app.INFO: Middleware CheckPlatform [] []
[2016-06-03 10:27:26] app.INFO: Middleware HttpBasicAuth [] []
[2016-06-03 10:27:36] app.INFO: Middleware CheckPlatform [] []
[2016-06-03 10:27:36] app.INFO: Middleware HttpBasicAuth [] []
[2016-06-03 10:27:36] app.INFO: post data {"clientID":"3","password":"alex","csrf_name":"csrf5750eb0bb6984","csrf_value":"308b878eed7265102a926d0373406e82"} []
[2016-06-03 10:37:38] app.INFO: Middleware CheckPlatform [] []
[2016-06-03 10:37:38] app.INFO: Middleware HttpBasicAuth [] []
[2016-06-03 10:37:43] app.INFO: SELECT * FROM `client` WHERE `Client_NO` = '4' LIMIT 1 in 0.0019781589508057 [] []
[2016-06-03 10:37:46] app.INFO: Middleware CheckPlatform [] []
[2016-06-03 10:37:46] app.INFO: Middleware HttpBasicAuth [] []
[2016-06-03 10:39:57] app.INFO: Middleware CheckPlatform [] []
[2016-06-03 10:39:57] app.INFO: Middleware HttpBasicAuth [] []
[2016-06-03 10:40:01] app.INFO: SELECT * FROM `client` WHERE `Client_NO` = '6' LIMIT 1 in 0.0023829936981201 [] []
[2016-06-03 10:40:18] app.INFO: Middleware CheckPlatform [] []
[2016-06-03 10:40:18] app.INFO: Middleware HttpBasicAuth [] []
[2016-06-03 10:40:23] app.INFO: SELECT * FROM `client` WHERE `Client_NO` = '5' LIMIT 1 in 0.0019259452819824 [] []
[2016-06-03 10:40:23] app.INFO: here output [] []
[2016-06-03 10:40:31] app.INFO: Middleware CheckPlatform [] []
[2016-06-03 10:40:31] app.INFO: Middleware HttpBasicAuth [] []
[2016-06-03 10:40:31] app.INFO: here output [] []
[2016-06-03 10:43:44] app.INFO: Middleware CheckPlatform [] []
[2016-06-03 10:43:44] app.INFO: Middleware HttpBasicAuth [] []
[2016-06-03 10:43:48] app.INFO: SELECT `Title`, `First_Name`, `Middle_Name`, `Surname`, `Company_Name`, `Mobile_One`, `Mobile_Two`, `Home_Phone`, `Business_Phone`, `Home_Fax`, `Business_Fax`, `Email`, `Second_Email`, `Person_One_Skype`, `Home_Address_1`, `Home_Address_2`, `Home_Address_3`, `Home_Address_4`, `Home_Address_5` FROM `client` WHERE `Client_NO` = '7' LIMIT 1 in 0.0011920928955078 [] []
[2016-06-03 10:43:49] app.INFO: here output [] []
[2016-06-03 10:44:11] app.INFO: Middleware CheckPlatform [] []
[2016-06-03 10:44:11] app.INFO: Middleware HttpBasicAuth [] []
[2016-06-03 10:44:11] app.INFO: post data {"clientID":"60","password":"alex","csrf_name":"csrf5750eeedeacee","csrf_value":"c09c419bf01bf2b1dd72a974987c90ee"} []
[2016-06-03 10:44:16] app.INFO: SELECT `Title`, `First_Name`, `Middle_Name`, `Surname`, `Company_Name`, `Mobile_One`, `Mobile_Two`, `Home_Phone`, `Business_Phone`, `Home_Fax`, `Business_Fax`, `Email`, `Second_Email`, `Person_One_Skype`, `Home_Address_1`, `Home_Address_2`, `Home_Address_3`, `Home_Address_4`, `Home_Address_5` FROM `client` WHERE `Client_NO` = '60' LIMIT 1 in 0.0011661052703857 [] []
[2016-06-03 10:45:12] app.INFO: Middleware CheckPlatform [] []
[2016-06-03 10:45:12] app.INFO: Middleware HttpBasicAuth [] []
[2016-06-03 10:45:12] app.INFO: post data {"clientID":"10","password":"alex","csrf_name":"csrf5750ef2decadb","csrf_value":"d066b98a71645ba0d0508f0cd815d727"} []
[2016-06-03 10:45:16] app.INFO: SELECT `Client_NO`, `Title`, `First_Name`, `Middle_Name`, `Surname`, `Company_Name`, `Mobile_One`, `Mobile_Two`, `Home_Phone`, `Business_Phone`, `Home_Fax`, `Business_Fax`, `Email`, `Second_Email`, `Person_One_Skype`, `Home_Address_1`, `Home_Address_2`, `Home_Address_3`, `Home_Address_4`, `Home_Address_5` FROM `client` WHERE `Client_NO` = '10' LIMIT 1 in 0.0011870861053467 [] []
[2016-06-03 10:45:16] app.INFO: Middleware CheckPlatform [] []
[2016-06-03 10:45:16] app.INFO: Middleware HttpBasicAuth [] []
[2016-06-03 10:45:16] app.INFO: here output [] []
[2016-06-03 10:45:28] app.INFO: Middleware CheckPlatform [] []
[2016-06-03 10:45:28] app.INFO: Middleware HttpBasicAuth [] []
[2016-06-03 10:45:28] app.INFO: post data {"clientID":"10","password":"alex","csrf_name":"csrf5750ef3dc8c46","csrf_value":"13079b611d89f89ac8f522bad56cd303"} []
[2016-06-03 10:46:00] app.INFO: Middleware CheckPlatform [] []
[2016-06-03 10:46:00] app.INFO: Middleware HttpBasicAuth [] []
[2016-06-03 10:46:00] app.INFO: post data {"clientID":"10","password":"a","csrf_name":"csrf5750ef5ec0aeb","csrf_value":"abbbb3bbffe2cee22ba533e583d33bbd"} []
[2016-06-03 10:48:02] app.INFO: Middleware CheckPlatform [] []
[2016-06-03 10:48:02] app.INFO: Middleware HttpBasicAuth [] []
[2016-06-03 10:48:02] app.INFO: post data {"clientID":"2","password":"2","csrf_name":"csrf5750efce336a8","csrf_value":"7796ec661c6f260b917aaf4b06216c10"} []
[2016-06-03 10:50:08] app.INFO: Middleware CheckPlatform [] []
[2016-06-03 10:50:08] app.INFO: Middleware HttpBasicAuth [] []
[2016-06-03 10:50:08] app.INFO: post data {"clientID":"2","password":"dfg","csrf_name":"csrf5750f0558cb57","csrf_value":"2d27e465ca5f32bb531c23b460486f3c"} []
[2016-06-03 10:51:07] app.INFO: Middleware CheckPlatform [] []
[2016-06-03 10:51:07] app.INFO: Middleware HttpBasicAuth [] []
[2016-06-03 10:51:07] app.INFO: post data {"clientID":"2","password":"a","csrf_name":"csrf5750f09157582","csrf_value":"0b8efc080ca1b8c2507594b70f1809d2"} []
[2016-06-03 10:51:48] app.INFO: Middleware CheckPlatform [] []
[2016-06-03 10:51:48] app.INFO: Middleware HttpBasicAuth [] []
[2016-06-03 10:51:48] app.INFO: post data {"clientID":"2","password":"a","csrf_name":"csrf5750f0ba97e2a","csrf_value":"37199ea644074c8e83c86b4e48b387a1"} []
[2016-06-03 10:52:29] app.INFO: Middleware CheckPlatform [] []
[2016-06-03 10:52:29] app.INFO: Middleware HttpBasicAuth [] []
[2016-06-03 10:52:29] app.INFO: post data {"clientID":"2","password":"alex","csrf_name":"csrf5750f0e225727","csrf_value":"9aef8c9f0423d6843435288d6193b778"} []
[2016-06-03 10:52:29] app.INFO: Middleware CheckPlatform [] []
[2016-06-03 10:52:29] app.INFO: Middleware HttpBasicAuth [] []
[2016-06-03 10:52:29] app.INFO: here output [] []
[2016-06-03 10:54:52] app.INFO: Middleware CheckPlatform [] []
[2016-06-03 10:54:52] app.INFO: Middleware HttpBasicAuth [] []
[2016-06-03 10:54:52] app.INFO: post data {"clientID":"check@check.com","password":"d","csrf_name":"csrf5750f1701ee57","csrf_value":"8ee610851c3b88291fd26e3e641928a0"} []
[2016-06-03 10:54:56] app.INFO: SELECT `Client_NO`, `Title`, `First_Name`, `Middle_Name`, `Surname`, `Company_Name`, `Mobile_One`, `Mobile_Two`, `Home_Phone`, `Business_Phone`, `Home_Fax`, `Business_Fax`, `Email`, `Second_Email`, `Person_One_Skype`, `Home_Address_1`, `Home_Address_2`, `Home_Address_3`, `Home_Address_4`, `Home_Address_5` FROM `client` WHERE `Client_NO` = 'check@check.com' LIMIT 1 in 0.0011661052703857 [] []
[2016-06-03 10:55:57] app.INFO: Middleware CheckPlatform [] []
[2016-06-03 10:55:57] app.INFO: Middleware HttpBasicAuth [] []
[2016-06-03 10:55:57] app.INFO: post data {"clientID":"2","password":"a","csrf_name":"csrf5750f1b41e54b","csrf_value":"9decf52efd5a12cf8bafbd4dd0a6127a"} []
[2016-06-03 10:56:12] app.INFO: Middleware CheckPlatform [] []
[2016-06-03 10:56:12] app.INFO: Middleware HttpBasicAuth [] []
[2016-06-03 10:56:12] app.INFO: post data {"clientID":"a3","password":"dfg","csrf_name":"csrf5750f1b743717","csrf_value":"e9533bc4ab9b52093a2e3b0a1672f8e2"} []
[2016-06-03 10:56:17] app.INFO: SELECT `Client_NO`, `Title`, `First_Name`, `Middle_Name`, `Surname`, `Company_Name`, `Mobile_One`, `Mobile_Two`, `Home_Phone`, `Business_Phone`, `Home_Fax`, `Business_Fax`, `Email`, `Second_Email`, `Person_One_Skype`, `Home_Address_1`, `Home_Address_2`, `Home_Address_3`, `Home_Address_4`, `Home_Address_5` FROM `client` WHERE `Client_NO` = 'a3' LIMIT 1 in 0.0011279582977295 [] []
[2016-06-03 10:56:31] app.INFO: Middleware CheckPlatform [] []
[2016-06-03 10:56:31] app.INFO: Middleware HttpBasicAuth [] []
[2016-06-03 10:56:31] app.INFO: post data {"clientID":"20","password":"alex","csrf_name":"csrf5750f1caae720","csrf_value":"8883e504f5df1d2a3de3c8941e42cad9"} []
[2016-06-03 10:56:35] app.INFO: SELECT `Client_NO`, `Title`, `First_Name`, `Middle_Name`, `Surname`, `Company_Name`, `Mobile_One`, `Mobile_Two`, `Home_Phone`, `Business_Phone`, `Home_Fax`, `Business_Fax`, `Email`, `Second_Email`, `Person_One_Skype`, `Home_Address_1`, `Home_Address_2`, `Home_Address_3`, `Home_Address_4`, `Home_Address_5` FROM `client` WHERE `Client_NO` = '20' LIMIT 1 in 0.0012190341949463 [] []
[2016-06-03 10:56:35] app.INFO: Middleware CheckPlatform [] []
[2016-06-03 10:56:35] app.INFO: Middleware HttpBasicAuth [] []
[2016-06-03 10:56:35] app.INFO: here output [] []
[2016-06-03 10:56:56] app.INFO: Middleware CheckPlatform [] []
[2016-06-03 10:56:56] app.INFO: Middleware HttpBasicAuth [] []
[2016-06-03 10:56:56] app.INFO: post data {"clientID":"20","password":"alex","csrf_name":"csrf5750f1ecb63e9","csrf_value":"b3cfdf0e05014b28550ecdcfd10fbea1"} []
[2016-06-03 10:58:08] app.INFO: Middleware CheckPlatform [] []
[2016-06-03 10:58:08] app.INFO: Middleware HttpBasicAuth [] []
[2016-06-03 10:58:08] app.INFO: here output [] []
[2016-06-03 10:58:16] app.INFO: Middleware CheckPlatform [] []
[2016-06-03 10:58:16] app.INFO: Middleware HttpBasicAuth [] []
[2016-06-03 10:58:21] app.INFO: SELECT `Client_NO`, `Title`, `First_Name`, `Middle_Name`, `Surname`, `Company_Name`, `Mobile_One`, `Mobile_Two`, `Home_Phone`, `Business_Phone`, `Home_Fax`, `Business_Fax`, `Email`, `Second_Email`, `Person_One_Skype`, `Home_Address_1`, `Home_Address_2`, `Home_Address_3`, `Home_Address_4`, `Home_Address_5` FROM `client` WHERE `Client_NO` = '100' LIMIT 1 in 0.0011718273162842 [] []
[2016-06-03 10:58:21] app.INFO: here output [] []
[2016-06-03 11:40:08] app.INFO: Middleware CheckPlatform [] []
[2016-06-03 11:40:08] app.INFO: Middleware HttpBasicAuth [] []
[2016-06-03 11:40:12] app.INFO: SELECT `Client_NO`, `Title`, `First_Name`, `Middle_Name`, `Surname`, `Company_Name`, `Mobile_One`, `Mobile_Two`, `Home_Phone`, `Business_Phone`, `Home_Fax`, `Business_Fax`, `Email`, `Second_Email`, `Person_One_Skype`, `Home_Address_1`, `Home_Address_2`, `Home_Address_3`, `Home_Address_4`, `Home_Address_5` FROM `client` WHERE `Client_NO` = '200' LIMIT 1 in 0.0016520023345947 [] []
[2016-06-03 11:40:12] app.INFO: here output [] []
[2016-06-03 11:42:47] app.INFO: Middleware CheckPlatform [] []
[2016-06-03 11:42:47] app.INFO: Middleware HttpBasicAuth [] []
[2016-06-03 11:42:51] app.INFO: SELECT `Client_NO`, `Title`, `First_Name`, `Middle_Name`, `Surname`, `Company_Name`, `Mobile_One`, `Mobile_Two`, `Home_Phone`, `Business_Phone`, `Home_Fax`, `Business_Fax`, `Email`, `Second_Email`, `Person_One_Skype`, `Home_Address_1`, `Home_Address_2`, `Home_Address_3`, `Home_Address_4`, `Home_Address_5` FROM `client` WHERE `Client_NO` = '201' LIMIT 1 in 0.0038149356842041 [] []
[2016-06-03 11:42:51] app.INFO: here output [] []
[2016-06-03 11:43:23] app.INFO: Middleware CheckPlatform [] []
[2016-06-03 11:43:23] app.INFO: Middleware HttpBasicAuth [] []
[2016-06-03 11:43:23] app.INFO: here output [] []
[2016-06-03 11:43:28] app.INFO: Middleware CheckPlatform [] []
[2016-06-03 11:43:28] app.INFO: Middleware HttpBasicAuth [] []
[2016-06-03 11:43:33] app.INFO: SELECT `Client_NO`, `Title`, `First_Name`, `Middle_Name`, `Surname`, `Company_Name`, `Mobile_One`, `Mobile_Two`, `Home_Phone`, `Business_Phone`, `Home_Fax`, `Business_Fax`, `Email`, `Second_Email`, `Person_One_Skype`, `Home_Address_1`, `Home_Address_2`, `Home_Address_3`, `Home_Address_4`, `Home_Address_5` FROM `client` WHERE `Client_NO` = '202' LIMIT 1 in 0.0012161731719971 [] []
[2016-06-03 11:43:33] app.INFO: here output [] []
[2016-06-03 11:43:44] app.INFO: Middleware CheckPlatform [] []
[2016-06-03 11:43:44] app.INFO: Middleware HttpBasicAuth [] []
[2016-06-03 11:43:44] app.INFO: here output [] []
[2016-06-03 11:54:58] app.INFO: Middleware CheckPlatform [] []
[2016-06-03 11:54:58] app.INFO: Middleware HttpBasicAuth [] []
[2016-06-03 11:54:58] app.INFO: here output [] []
[2016-06-03 11:55:01] app.INFO: Middleware CheckPlatform [] []
[2016-06-03 11:55:01] app.INFO: Middleware HttpBasicAuth [] []
[2016-06-03 11:55:01] app.INFO: here output [] []
[2016-06-03 11:55:04] app.INFO: Middleware CheckPlatform [] []
[2016-06-03 11:55:04] app.INFO: Middleware HttpBasicAuth [] []
[2016-06-03 11:55:09] app.INFO: SELECT `Client_NO`, `Title`, `First_Name`, `Middle_Name`, `Surname`, `Company_Name`, `Mobile_One`, `Mobile_Two`, `Home_Phone`, `Business_Phone`, `Home_Fax`, `Business_Fax`, `Email`, `Second_Email`, `Person_One_Skype`, `Home_Address_1`, `Home_Address_2`, `Home_Address_3`, `Home_Address_4`, `Home_Address_5` FROM `client` WHERE `Client_NO` = '203' LIMIT 1 in 0.0011990070343018 [] []
[2016-06-03 11:55:09] app.INFO: here output [] []
[2016-06-03 12:03:48] app.INFO: Middleware CheckPlatform [] []
[2016-06-03 12:08:53] app.INFO: Middleware CheckPlatform [] []
[2016-06-03 12:08:53] app.INFO: Middleware HttpBasicAuth [] []
[2016-06-03 12:08:58] app.INFO: SELECT `Client_NO`, `Title`, `First_Name`, `Middle_Name`, `Surname`, `Company_Name`, `Mobile_One`, `Mobile_Two`, `Home_Phone`, `Business_Phone`, `Home_Fax`, `Business_Fax`, `Email`, `Second_Email`, `Person_One_Skype`, `Home_Address_1`, `Home_Address_2`, `Home_Address_3`, `Home_Address_4`, `Home_Address_5` FROM `client` WHERE `Client_NO` = '20' LIMIT 1 in 0.00092482566833496 [] []
[2016-06-03 12:08:58] app.INFO: here output [] []
[2016-06-03 12:09:05] app.INFO: Middleware CheckPlatform [] []
[2016-06-03 12:09:05] app.INFO: Middleware HttpBasicAuth [] []
[2016-06-03 12:09:05] app.INFO: post data {"clientID":"","password":"","csrf_name":"csrf575102d897512","csrf_value":"39a3140022e57073787418e7ac894988"} []
[2016-06-03 12:09:07] app.INFO: Middleware CheckPlatform [] []
[2016-06-03 12:09:07] app.INFO: Middleware HttpBasicAuth [] []
[2016-06-03 12:09:07] app.INFO: post data {"clientID":"d","password":"d","csrf_name":"csrf575102dabd35f","csrf_value":"af30862c206ddd5faf2fca1226d52518"} []
[2016-06-03 12:09:12] app.INFO: SELECT `Client_NO`, `Title`, `First_Name`, `Middle_Name`, `Surname`, `Company_Name`, `Mobile_One`, `Mobile_Two`, `Home_Phone`, `Business_Phone`, `Home_Fax`, `Business_Fax`, `Email`, `Second_Email`, `Person_One_Skype`, `Home_Address_1`, `Home_Address_2`, `Home_Address_3`, `Home_Address_4`, `Home_Address_5` FROM `client` WHERE `Client_NO` = 'd' LIMIT 1 in 0.0011568069458008 [] []
[2016-06-03 12:09:21] app.INFO: Middleware CheckPlatform [] []
[2016-06-03 12:09:21] app.INFO: Middleware HttpBasicAuth [] []
[2016-06-03 12:09:21] app.INFO: post data {"clientID":"80","password":"alex","csrf_name":"csrf575102e213ee3","csrf_value":"40466f0f356cca91eec7dc1800f17513"} []
[2016-06-03 12:09:25] app.INFO: SELECT `Client_NO`, `Title`, `First_Name`, `Middle_Name`, `Surname`, `Company_Name`, `Mobile_One`, `Mobile_Two`, `Home_Phone`, `Business_Phone`, `Home_Fax`, `Business_Fax`, `Email`, `Second_Email`, `Person_One_Skype`, `Home_Address_1`, `Home_Address_2`, `Home_Address_3`, `Home_Address_4`, `Home_Address_5` FROM `client` WHERE `Client_NO` = '80' LIMIT 1 in 0.0015971660614014 [] []
[2016-06-03 12:09:25] app.INFO: Middleware CheckPlatform [] []
[2016-06-03 12:09:25] app.INFO: Middleware HttpBasicAuth [] []
[2016-06-03 12:09:25] app.INFO: here output [] []
[2016-06-03 12:09:35] app.INFO: Middleware CheckPlatform [] []
[2016-06-03 12:09:35] app.INFO: Middleware HttpBasicAuth [] []
[2016-06-03 12:09:35] app.INFO: post data {"clientID":"80","password":"alex","csrf_name":"csrf575102f519903","csrf_value":"f4f4a23204b4a0cae864da5f1f176dfc"} []
[2016-06-03 13:55:16] app.INFO: Middleware CheckPlatform [] []
[2016-06-03 13:55:16] app.INFO: Middleware HttpBasicAuth [] []
[2016-06-03 13:55:16] app.INFO: post data {"clientID":"23","password":"alex","csrf_name":"csrf57510ae2b91b1","csrf_value":"bf6ce0d70e41e3abedf65956ec02119b"} []
[2016-06-03 13:55:21] app.INFO: SELECT `Client_NO`, `Title`, `First_Name`, `Middle_Name`, `Surname`, `Company_Name`, `Mobile_One`, `Mobile_Two`, `Home_Phone`, `Business_Phone`, `Home_Fax`, `Business_Fax`, `Email`, `Second_Email`, `Person_One_Skype`, `Home_Address_1`, `Home_Address_2`, `Home_Address_3`, `Home_Address_4`, `Home_Address_5` FROM `client` WHERE `Client_NO` = '23' LIMIT 1 in 0.0016469955444336 [] []
[2016-06-03 13:55:21] app.INFO: Middleware CheckPlatform [] []
[2016-06-03 13:55:21] app.INFO: Middleware HttpBasicAuth [] []
[2016-06-03 13:55:21] app.INFO: here output [] []
[2016-06-03 14:43:48] app.INFO: Middleware CheckPlatform [] []
[2016-06-03 14:43:48] app.INFO: Middleware HttpBasicAuth [] []
[2016-06-03 14:43:48] app.INFO: post data {"clientID":"500","password":"alex","csrf_name":"csrf575127165422f","csrf_value":"2dd26f2204a2ba8c70012a81f128c2cc"} []
[2016-06-03 14:43:52] app.INFO: SELECT `Client_NO`, `Title`, `First_Name`, `Middle_Name`, `Surname`, `Company_Name`, `Mobile_One`, `Mobile_Two`, `Home_Phone`, `Business_Phone`, `Home_Fax`, `Business_Fax`, `Email`, `Second_Email`, `Person_One_Skype`, `Home_Address_1`, `Home_Address_2`, `Home_Address_3`, `Home_Address_4`, `Home_Address_5` FROM `client` WHERE `Client_NO` = '500' LIMIT 1 in 0.0022139549255371 [] []
[2016-06-03 14:43:53] app.INFO: Middleware CheckPlatform [] []
[2016-06-03 14:43:53] app.INFO: Middleware HttpBasicAuth [] []
[2016-06-03 14:43:53] app.INFO: here output [] []
[2016-06-03 15:04:30] app.INFO: Middleware CheckPlatform [] []
[2016-06-03 15:04:34] app.INFO: Middleware CheckPlatform [] []
[2016-06-03 15:04:34] app.INFO: Middleware HttpBasicAuth [] []
[2016-06-03 15:04:34] app.INFO: post data {"clientID":"2","password":"alex"} []
[2016-06-03 15:04:38] app.INFO: SELECT `Client_NO`, `Title`, `First_Name`, `Middle_Name`, `Surname`, `Company_Name`, `Mobile_One`, `Mobile_Two`, `Home_Phone`, `Business_Phone`, `Home_Fax`, `Business_Fax`, `Email`, `Second_Email`, `Person_One_Skype`, `Home_Address_1`, `Home_Address_2`, `Home_Address_3`, `Home_Address_4`, `Home_Address_5` FROM `client` WHERE `Client_NO` = '2' LIMIT 1 in 0.001168966293335 [] []
[2016-06-03 15:04:42] app.INFO: Middleware CheckPlatform [] []
[2016-06-03 15:04:42] app.INFO: Middleware HttpBasicAuth [] []
[2016-06-03 15:04:42] app.INFO: post data {"clientID":"2","password":"alex"} []
[2016-06-03 15:04:56] app.INFO: Middleware CheckPlatform [] []
[2016-06-03 15:04:56] app.INFO: Middleware HttpBasicAuth [] []
[2016-06-03 15:04:56] app.INFO: post data {"clientID":"2","password":"alex"} []
[2016-06-03 15:04:57] app.INFO: Middleware CheckPlatform [] []
[2016-06-03 15:04:57] app.INFO: Middleware HttpBasicAuth [] []
[2016-06-03 15:04:57] app.INFO: post data {"clientID":"2","password":"alex"} []
[2016-06-03 15:05:02] app.INFO: Middleware CheckPlatform [] []
[2016-06-03 15:05:02] app.INFO: Middleware HttpBasicAuth [] []
[2016-06-03 15:05:02] app.INFO: here output [] []
[2016-06-03 15:05:07] app.INFO: Middleware CheckPlatform [] []
[2016-06-03 15:05:07] app.INFO: Middleware HttpBasicAuth [] []
[2016-06-03 15:05:12] app.INFO: SELECT `Client_NO`, `Title`, `First_Name`, `Middle_Name`, `Surname`, `Company_Name`, `Mobile_One`, `Mobile_Two`, `Home_Phone`, `Business_Phone`, `Home_Fax`, `Business_Fax`, `Email`, `Second_Email`, `Person_One_Skype`, `Home_Address_1`, `Home_Address_2`, `Home_Address_3`, `Home_Address_4`, `Home_Address_5` FROM `client` WHERE `Client_NO` = '50' LIMIT 1 in 0.0012497901916504 [] []
[2016-06-03 15:05:12] app.INFO: here output [] []
[2016-06-03 15:12:13] app.INFO: Middleware CheckPlatform [] []
[2016-06-03 15:12:13] app.INFO: Middleware HttpBasicAuth [] []
[2016-06-03 15:12:13] app.INFO: SELECT `Client_NO`, `Title`, `First_Name`, `Middle_Name`, `Surname`, `Company_Name`, `Mobile_One`, `Mobile_Two`, `Home_Phone`, `Business_Phone`, `Home_Fax`, `Business_Fax`, `Email`, `Second_Email`, `Person_One_Skype`, `Home_Address_1`, `Home_Address_2`, `Home_Address_3`, `Home_Address_4`, `Home_Address_5` FROM `client` WHERE `Client_NO` = '350' LIMIT 1 in 0.00099778175354004 [] []
[2016-06-03 15:12:13] app.INFO: here output [] []
[2016-06-03 15:12:21] app.INFO: Middleware CheckPlatform [] []
[2016-06-03 15:12:21] app.INFO: Middleware HttpBasicAuth [] []
[2016-06-03 15:12:21] app.INFO: SELECT `Client_NO`, `Title`, `First_Name`, `Middle_Name`, `Surname`, `Company_Name`, `Mobile_One`, `Mobile_Two`, `Home_Phone`, `Business_Phone`, `Home_Fax`, `Business_Fax`, `Email`, `Second_Email`, `Person_One_Skype`, `Home_Address_1`, `Home_Address_2`, `Home_Address_3`, `Home_Address_4`, `Home_Address_5` FROM `client` WHERE `Client_NO` = '20' LIMIT 1 in 0.00084710121154785 [] []
[2016-06-03 15:12:21] app.INFO: here output [] []
